{
  "RSpec": {
    "coverage": {
      "/home/kdye/Sites/WeatherForcaster/app/services/Geocoding_service.rb": {
        "lines": [
          1,
          1,
          null,
          1,
          null,
          4,
          null,
          null,
          null,
          3,
          null,
          null,
          3,
          3,
          null,
          null,
          null,
          3,
          null,
          null,
          2,
          null,
          null,
          2,
          null,
          null,
          null,
          null,
          null,
          null,
          null,
          null,
          null,
          null,
          1,
          null,
          null,
          3,
          3,
          null,
          null,
          null,
          null,
          null,
          1,
          2,
          2,
          null,
          null,
          1,
          null,
          2,
          null,
          2,
          12,
          null,
          null,
          null,
          null
        ]
      },
      "/home/kdye/Sites/WeatherForcaster/app/services/Weather_service.rb": {
        "lines": [
          1,
          null,
          1,
          1,
          null,
          1,
          null,
          2,
          null,
          1,
          1,
          1,
          null,
          null,
          1,
          null,
          null,
          null,
          1,
          1,
          null,
          null,
          1,
          1,
          null,
          null,
          1,
          null,
          null,
          null,
          1,
          null,
          null,
          null,
          null,
          1,
          null,
          2,
          null,
          null,
          null,
          null,
          null,
          null,
          null,
          null,
          null,
          null,
          1,
          1,
          1,
          null,
          null,
          null,
          1,
          4,
          2,
          null,
          null,
          null
        ]
      },
      "/home/kdye/Sites/WeatherForcaster/app/controllers/application_controller.rb": {
        "lines": [
          0,
          0
        ],
        "branches": {
        }
      },
      "/home/kdye/Sites/WeatherForcaster/app/controllers/forecast_controller.rb": {
        "lines": [
          0,
          0,
          0,
          0,
          0,
          0,
          null,
          0,
          null,
          0,
          0,
          0,
          0,
          null,
          0,
          0,
          0,
          null,
          0
        ],
        "branches": {
        }
      },
      "/home/kdye/Sites/WeatherForcaster/app/models/application_record.rb": {
        "lines": [
          0,
          0,
          0
        ],
        "branches": {
        }
      }
    },
    "timestamp": 1713390348
  }
}
